{"name": "test_login", "status": "failed", "statusDetails": {"message": "AssertionError", "trace": "self = <TestCase.test_login.TestLogin object at 0x000001AD296527E0>, setup = <selenium.webdriver.chrome.webdriver.WebDriver (session=\"a0dd8cc9f545c2362bbfb8a8d1622bc4\")>\n\n    def test_login(self, setup):\n        self.driver = setup\n        self.driver.get(self.base_url)\n        base_page = BasePage(self.driver)\n        home_page = HomePage(self.driver)\n        home_page.login(self.username, self.password)\n>       base_page.verify_task(home_page.login_success_xpath)\n\nTestCase\\test_login.py:44: \n_ _ _ _ _ _ _ _ _ _ _ _ _ _ _ _ _ _ _ _ _ _ _ _ _ _ _ _ _ _ _ _ _ _ _ _ _ _ _ _ _ _ _ _ _ _ _ _ _ _ _ _ _ _ _ _ _ _ _ _ _ _ _ _ _ _ _ _ _ _ _ _ _ _ _ _ _ _ _ _ _ _ _ _ _ _ _ _ _ _\n\nself = <pages.BasePage.BasePage object at 0x000001AD2A6DBEF0>, xpath = \"//a[@id='nameofuser']\"\n\n    def verify_task(self, xpath):\n        element = WebDriverWait(self.driver, 10).until(EC.presence_of_element_located((By.XPATH, xpath)))\n>       assert element.is_displayed()\nE       AssertionError\n\npages\\BasePage.py:32: AssertionError"}, "start": 1739987202564, "stop": 1739987207619, "uuid": "cde1c8c7-f755-4f48-a39d-284cb07c0c29", "historyId": "badbb74e7e7f7226463077fe8b405ed5", "testCaseId": "badbb74e7e7f7226463077fe8b405ed5", "fullName": "TestCase.test_login.TestLogin#test_login", "labels": [{"name": "parentSuite", "value": "TestCase"}, {"name": "suite", "value": "test_login"}, {"name": "subSuite", "value": "TestLogin"}, {"name": "host", "value": "LAPTOP-CIEP9G2C"}, {"name": "thread", "value": "25844-MainThread"}, {"name": "framework", "value": "pytest"}, {"name": "language", "value": "cpython3"}, {"name": "package", "value": "TestCase.test_login"}]}