{"name": "test_signup_with_fresh_account", "status": "failed", "statusDetails": {"message": "AssertionError", "trace": "self = <TestCase.test_login.TestLogin object at 0x00000199FD1B8B00>, setup = <selenium.webdriver.chrome.webdriver.WebDriver (session=\"0c22f2441f0a50ba44b9a47da04a83fe\")>\n\n    def test_signup_with_fresh_account(self,setup):\n        self.driver = setup\n        self.driver.get(self.base_url)\n        home_page = HomePage(self.driver)\n>       home_page.signup(self.username, self.password, home_page.sign_up_success_message)\n\nTestCase\\test_login.py:23: \n_ _ _ _ _ _ _ _ _ _ _ _ _ _ _ _ _ _ _ _ _ _ _ _ _ _ _ _ _ _ _ _ _ _ _ _ _ _ _ _ _ _ _ _ _ _ _ _ _ _ _ _ _ _ _ _ _ _ _ _ _ _ _ _ _ _ _ _ _ _ _ _ _ _ _ _ _ _ _ _ _ _ _ _ _ _ _ _ _ _\npages\\HomePage.py:30: in signup\n    base_page.verify_js_alert_task(task)\n_ _ _ _ _ _ _ _ _ _ _ _ _ _ _ _ _ _ _ _ _ _ _ _ _ _ _ _ _ _ _ _ _ _ _ _ _ _ _ _ _ _ _ _ _ _ _ _ _ _ _ _ _ _ _ _ _ _ _ _ _ _ _ _ _ _ _ _ _ _ _ _ _ _ _ _ _ _ _ _ _ _ _ _ _ _ _ _ _ _\n\nself = <pages.BasePage.BasePage object at 0x00000199FD1BA750>, task = 'Sign up successful.'\n\n    def verify_js_alert_task(self, task):\n        element = self.retrive_js_alert_text()\n>       assert task == element\nE       AssertionError\n\npages\\BasePage.py:27: AssertionError"}, "start": 1739901959408, "stop": 1739901972074, "uuid": "35584f44-8903-4931-9fa3-095e3bb64416", "historyId": "157a19b50d6deb99827d6129dae889f5", "testCaseId": "157a19b50d6deb99827d6129dae889f5", "fullName": "TestCase.test_login.TestLogin#test_signup_with_fresh_account", "labels": [{"name": "parentSuite", "value": "TestCase"}, {"name": "suite", "value": "test_login"}, {"name": "subSuite", "value": "TestLogin"}, {"name": "host", "value": "LAPTOP-CIEP9G2C"}, {"name": "thread", "value": "25492-MainThread"}, {"name": "framework", "value": "pytest"}, {"name": "language", "value": "cpython3"}, {"name": "package", "value": "TestCase.test_login"}]}