{"name": "test_login", "status": "failed", "statusDetails": {"message": "AssertionError", "trace": "self = <TestCase.test_login.TestLogin object at 0x000001AD2A649790>, setup = <selenium.webdriver.chrome.webdriver.WebDriver (session=\"8bb07d1b542634ba927817c43126d035\")>\n\n    def test_login(self, setup):\n        self.driver = setup\n        self.driver.get(self.base_url)\n        base_page = BasePage(self.driver)\n        home_page = HomePage(self.driver)\n        home_page.login(self.username, self.password)\n>       base_page.verify_task(home_page.login_success_xpath)\n\nTestCase\\test_login.py:44: \n_ _ _ _ _ _ _ _ _ _ _ _ _ _ _ _ _ _ _ _ _ _ _ _ _ _ _ _ _ _ _ _ _ _ _ _ _ _ _ _ _ _ _ _ _ _ _ _ _ _ _ _ _ _ _ _ _ _ _ _ _ _ _ _ _ _ _ _ _ _ _ _ _ _ _ _ _ _ _ _ _ _ _ _ _ _ _ _ _ _\n\nself = <pages.BasePage.BasePage object at 0x000001AD2A686E70>, xpath = \"//a[@id='nameofuser']\"\n\n    def verify_task(self, xpath):\n        element = WebDriverWait(self.driver, 10).until(EC.presence_of_element_located((By.XPATH, xpath)))\n>       assert element.is_displayed()\nE       AssertionError\n\npages\\BasePage.py:32: AssertionError"}, "start": 1739987124239, "stop": 1739987129210, "uuid": "f60e7a49-ae4b-465a-b3d1-4b2d718962fa", "historyId": "24472e61bc80ce0cc255c92e3c94665e", "testCaseId": "24472e61bc80ce0cc255c92e3c94665e", "fullName": "TestCase.test_home_page.TestLogin#test_login", "labels": [{"name": "parentSuite", "value": "TestCase"}, {"name": "suite", "value": "test_home_page"}, {"name": "subSuite", "value": "TestLogin"}, {"name": "host", "value": "LAPTOP-CIEP9G2C"}, {"name": "thread", "value": "25844-MainThread"}, {"name": "framework", "value": "pytest"}, {"name": "language", "value": "cpython3"}, {"name": "package", "value": "TestCase.test_home_page"}]}