{"name": "test_banner_slider_button", "status": "broken", "statusDetails": {"message": "selenium.common.exceptions.TimeoutException: Message: \nStacktrace:\n\tGetHandleVerifier [0x00007FF7CF576EE5+28773]\n\t(No symbol) [0x00007FF7CF4E25D0]\n\t(No symbol) [0x00007FF7CF378FAA]\n\t(No symbol) [0x00007FF7CF3CF286]\n\t(No symbol) [0x00007FF7CF3CF4BC]\n\t(No symbol) [0x00007FF7CF422A27]\n\t(No symbol) [0x00007FF7CF3F728F]\n\t(No symbol) [0x00007FF7CF41F6F3]\n\t(No symbol) [0x00007FF7CF3F7023]\n\t(No symbol) [0x00007FF7CF3BFF5E]\n\t(No symbol) [0x00007FF7CF3C11E3]\n\tGetHandleVerifier [0x00007FF7CF8C422D+3490733]\n\tGetHandleVerifier [0x00007FF7CF8DBA13+3586963]\n\tGetHandleVerifier [0x00007FF7CF8D144D+3544525]\n\tGetHandleVerifier [0x00007FF7CF63C9AA+838442]\n\t(No symbol) [0x00007FF7CF4ED01F]\n\t(No symbol) [0x00007FF7CF4E95E4]\n\t(No symbol) [0x00007FF7CF4E9786]\n\t(No symbol) [0x00007FF7CF4D8CB9]\n\tBaseThreadInitThunk [0x00007FF9155A259D+29]\n\tRtlUserThreadStart [0x00007FF916BAAF38+40]", "trace": "self = <TestCase.test_home_page.TestHomePge object at 0x000001A0E08CDEE0>, setup = <selenium.webdriver.chrome.webdriver.WebDriver (session=\"141e7fc95c03eb01ba3bf0d13a76f869\")>\n\n    def test_banner_slider_button(self,setup):\n        self.driver = setup\n        home_page = HomePage(self.driver)\n>       home_page.banner_slider()\n\nTestCase\\test_home_page.py:16: \n_ _ _ _ _ _ _ _ _ _ _ _ _ _ _ _ _ _ _ _ _ _ _ _ _ _ _ _ _ _ _ _ _ _ _ _ _ _ _ _ _ _ _ _ _ _ _ _ _ _ _ _ _ _ _ _ _ _ _ _ _ _ _ _ _ _ _ _ _ _ _ _ _ _ _ _ _ _ _ _ _ _ _ _ _ _ _ _ _ _\npages\\HomePage.py:42: in banner_slider\n    base_page.click_on_element(self.banner_slider_left_button_xpath)\npages\\BasePage.py:13: in click_on_element\n    element = WebDriverWait(self.driver, 10).until(EC.presence_of_element_located((By.XPATH, xpath)))\n_ _ _ _ _ _ _ _ _ _ _ _ _ _ _ _ _ _ _ _ _ _ _ _ _ _ _ _ _ _ _ _ _ _ _ _ _ _ _ _ _ _ _ _ _ _ _ _ _ _ _ _ _ _ _ _ _ _ _ _ _ _ _ _ _ _ _ _ _ _ _ _ _ _ _ _ _ _ _ _ _ _ _ _ _ _ _ _ _ _\n\nself = <selenium.webdriver.support.wait.WebDriverWait (session=\"141e7fc95c03eb01ba3bf0d13a76f869\")>\nmethod = <function presence_of_element_located.<locals>._predicate at 0x000001A0E0904400>, message = ''\n\n    def until(self, method: Callable[[D], Union[Literal[False], T]], message: str = \"\") -> T:\n        \"\"\"Wait until the method returns a value that is not False.\n    \n        Calls the method provided with the driver as an argument until the\n        return value does not evaluate to ``False``.\n    \n        Parameters:\n        ----------\n        method: callable(WebDriver)\n            - A callable object that takes a WebDriver instance as an argument.\n    \n        message: str\n            - Optional message for :exc:`TimeoutException`\n    \n        Return:\n        -------\n        object: T\n            - The result of the last call to `method`\n    \n        Raises:\n        -------\n        TimeoutException\n            - If 'method' does not return a truthy value within the WebDriverWait\n            object's timeout\n    \n        Example:\n        --------\n        >>> from selenium.webdriver.common.by import By\n        >>> from selenium.webdriver.support.ui import WebDriverWait\n        >>> from selenium.webdriver.support import expected_conditions as EC\n    \n        # Wait until an element is visible on the page\n        >>> wait = WebDriverWait(driver, 10)\n        >>> element = wait.until(EC.visibility_of_element_located((By.ID, \"exampleId\")))\n        >>> print(element.text)\n        \"\"\"\n        screen = None\n        stacktrace = None\n    \n        end_time = time.monotonic() + self._timeout\n        while True:\n            try:\n                value = method(self._driver)\n                if value:\n                    return value\n            except self._ignored_exceptions as exc:\n                screen = getattr(exc, \"screen\", None)\n                stacktrace = getattr(exc, \"stacktrace\", None)\n            if time.monotonic() > end_time:\n                break\n            time.sleep(self._poll)\n>       raise TimeoutException(message, screen, stacktrace)\nE       selenium.common.exceptions.TimeoutException: Message: \nE       Stacktrace:\nE       \tGetHandleVerifier [0x00007FF7CF576EE5+28773]\nE       \t(No symbol) [0x00007FF7CF4E25D0]\nE       \t(No symbol) [0x00007FF7CF378FAA]\nE       \t(No symbol) [0x00007FF7CF3CF286]\nE       \t(No symbol) [0x00007FF7CF3CF4BC]\nE       \t(No symbol) [0x00007FF7CF422A27]\nE       \t(No symbol) [0x00007FF7CF3F728F]\nE       \t(No symbol) [0x00007FF7CF41F6F3]\nE       \t(No symbol) [0x00007FF7CF3F7023]\nE       \t(No symbol) [0x00007FF7CF3BFF5E]\nE       \t(No symbol) [0x00007FF7CF3C11E3]\nE       \tGetHandleVerifier [0x00007FF7CF8C422D+3490733]\nE       \tGetHandleVerifier [0x00007FF7CF8DBA13+3586963]\nE       \tGetHandleVerifier [0x00007FF7CF8D144D+3544525]\nE       \tGetHandleVerifier [0x00007FF7CF63C9AA+838442]\nE       \t(No symbol) [0x00007FF7CF4ED01F]\nE       \t(No symbol) [0x00007FF7CF4E95E4]\nE       \t(No symbol) [0x00007FF7CF4E9786]\nE       \t(No symbol) [0x00007FF7CF4D8CB9]\nE       \tBaseThreadInitThunk [0x00007FF9155A259D+29]\nE       \tRtlUserThreadStart [0x00007FF916BAAF38+40]\n\n.venv\\Lib\\site-packages\\selenium\\webdriver\\support\\wait.py:146: TimeoutException"}, "start": 1739986630724, "stop": 1739986641093, "uuid": "ecfc2587-690c-4e8e-872a-cd8747decda0", "historyId": "b514d79bd5b8bde2c6e94f410234246f", "testCaseId": "b514d79bd5b8bde2c6e94f410234246f", "fullName": "TestCase.test_home_page.TestHomePge#test_banner_slider_button", "labels": [{"name": "parentSuite", "value": "TestCase"}, {"name": "suite", "value": "test_home_page"}, {"name": "subSuite", "value": "TestHomePge"}, {"name": "host", "value": "LAPTOP-CIEP9G2C"}, {"name": "thread", "value": "9512-MainThread"}, {"name": "framework", "value": "pytest"}, {"name": "language", "value": "cpython3"}, {"name": "package", "value": "TestCase.test_home_page"}]}